<?xml version="1.0" encoding="UTF-8" standalone="no"?>
<testsuite failures="0" name="cucumber.runtime.formatter.JUnitFormatter" skipped="0" tests="1" time="13.30548">
<testcase classname="NopCommerce Register" name="NopCommerce Registration with valid details" time="13.30548">
<system-out><![CDATA[Given User able to open Browser.............................................passed
And Enter an Url............................................................passed
When User Click on Register btn.............................................passed
Then User able to enter personal details "Abhishek" "Sanghavi" "14" "July" "1987" "rohan123@gmail.com" "Marks Wholesale Ltd"  "rohan123" "rohan123".passed
Then click on Register btn submit...........................................passed
Then User close the browser.................................................passed
]]></system-out>
</testcase>
</testsuite>
