<?xml version="1.0" encoding="UTF-8" standalone="no"?>
<testsuite failures="0" name="cucumber.runtime.formatter.JUnitFormatter" skipped="0" tests="12" time="227.819792">
<testcase classname="NopCommerce Login" name="Nopcommerce Valid Login Test" time="11.489368">
<system-out><![CDATA[Given User able to open Browser.............................................passed
And Enter an Url............................................................passed
When User click on Login Link...............................................passed
And User on Login Page and Verify Login page Title..........................passed
Then User enter "abcd2@gmail.com" and "Test@123" and Click on login button..passed
Then User is on Home Page and Verify Home page Title........................passed
And User close the browser..................................................passed
]]></system-out>
</testcase>
<testcase classname="NopCommerce Login" name="Nopcommerce Valid Login Test 2" time="6.636335">
<system-out><![CDATA[Given User able to open Browser.............................................passed
And Enter an Url............................................................passed
When User click on Login Link...............................................passed
And User on Login Page and Verify Login page Title..........................passed
Then User enter "abcd3@gmail.com" and "Test@123" and Click on login button..passed
Then User is on Home Page and Verify Home page Title........................passed
And User close the browser..................................................passed
]]></system-out>
</testcase>
<testcase classname="NopCommerce Login" name="Nopcommerce Valid Login Test 3" time="6.534245">
<system-out><![CDATA[Given User able to open Browser.............................................passed
And Enter an Url............................................................passed
When User click on Login Link...............................................passed
And User on Login Page and Verify Login page Title..........................passed
Then User enter "abcd4@gmail.com" and "Test@123" and Click on login button..passed
Then User is on Home Page and Verify Home page Title........................passed
And User close the browser..................................................passed
]]></system-out>
</testcase>
<testcase classname="NopCommerce Register" name="NopCommerce Registration with valid details" time="8.283651">
<system-out><![CDATA[Given User able to open Browser.............................................passed
And Enter an Url............................................................passed
When User Click on Register btn.............................................passed
Then User able to enter personal details "Abhishek" "Sanghavi" "14" "July" "1987" "rohan123@gmail.com" "Marks Wholesale Ltd"  "rohan123" "rohan123".passed
Then click on Register btn submit...........................................passed
Then User close the browser.................................................passed
]]></system-out>
</testcase>
<testcase classname="Select Product" name="User should able to select the product from homepage" time="7.43862">
<system-out><![CDATA[Given User able to open Browser.............................................passed
And Enter an Url............................................................passed
When User click on Computers................................................passed
Then User should able to click on Desktops..................................passed
And User should able to select the product..................................passed
Then User close the browser.................................................passed
]]></system-out>
</testcase>
<testcase classname="Add To Cart" name="User should able to add the product into the cart" time="11.069296">
<system-out><![CDATA[Given User able to open Browser.............................................passed
And Enter an Url............................................................passed
When User click on Computers................................................passed
Then User should able to click on Desktops..................................passed
And User should able to select the product..................................passed
Then User should clear existing qty. and enter new qty......................passed
Then Validate qty. added into the cart......................................passed
Then Click on add to cart button............................................passed
Then User close the browser.................................................passed
]]></system-out>
</testcase>
<testcase classname="Shopping Cart Page" name="User should able to amend and update Shopping cart" time="19.731899">
<system-out><![CDATA[Given User able to open Browser.............................................passed
And Enter an Url............................................................passed
When User click on Computers................................................passed
Then User should able to click on Desktops..................................passed
And User should able to select the product..................................passed
Then User should clear existing qty. and enter new qty......................passed
Then Validate qty. added into the cart......................................passed
Then Click on add to cart button............................................passed
Then Click on shopping cart pop-up message..................................passed
Then Update qty. again in shopping cart page................................passed
And Click on Update shopping cart...........................................passed
And Click on T&C box........................................................passed
Then Click on "CHECKOUT" button.............................................passed
Then User close the browser.................................................passed
]]></system-out>
</testcase>
<testcase classname="CheckOut Page" name="User should able to make payment as Guest" time="22.169366">
<system-out><![CDATA[Given User able to open Browser.............................................passed
And Enter an Url............................................................passed
When User click on Computers................................................passed
Then User should able to click on Desktops..................................passed
And User should able to select the product..................................passed
Then User should clear existing qty. and enter new qty......................passed
Then Validate qty. added into the cart......................................passed
Then Click on add to cart button............................................passed
Then Click on shopping cart pop-up message..................................passed
Then Update qty. again in shopping cart page................................passed
And Click on Update shopping cart...........................................passed
And Click on T&C box........................................................passed
Then Click on "CHECKOUT" button.............................................passed
Then Click on CHECKOUT AS GUEST.............................................passed
Then User close the browser.................................................passed
]]></system-out>
</testcase>
<testcase classname="Billing Details Page" name="User should able to fill valid Billing Details" time="25.938766">
<system-out><![CDATA[Given User able to open Browser.............................................passed
And Enter an Url............................................................passed
When User click on Computers................................................passed
Then User should able to click on Desktops..................................passed
And User should able to select the product..................................passed
Then User should clear existing qty. and enter new qty......................passed
Then Validate qty. added into the cart......................................passed
Then Click on add to cart button............................................passed
Then Click on shopping cart pop-up message..................................passed
Then Update qty. again in shopping cart page................................passed
And Click on Update shopping cart...........................................passed
And Click on T&C box........................................................passed
Then Click on "CHECKOUT" button.............................................passed
Then Click on CHECKOUT AS GUEST.............................................passed
Then User should Enter all personal details "Magan" "Patel" "abcabc@gmail.com" "United States" "Alaska" "NewYork" "1020 Edward Road" "E78LE" "07845120120" and click on the Continue button.passed
Then User close the browser.................................................passed
]]></system-out>
</testcase>
<testcase classname="Shipping Method Page" name="User should able to click on appropriate shipping method" time="29.870746">
<system-out><![CDATA[Given User able to open Browser.............................................passed
And Enter an Url............................................................passed
When User click on Computers................................................passed
Then User should able to click on Desktops..................................passed
And User should able to select the product..................................passed
Then User should clear existing qty. and enter new qty......................passed
Then Validate qty. added into the cart......................................passed
Then Click on add to cart button............................................passed
Then Click on shopping cart pop-up message..................................passed
Then Update qty. again in shopping cart page................................passed
And Click on Update shopping cart...........................................passed
And Click on T&C box........................................................passed
Then Click on "CHECKOUT" button.............................................passed
Then Click on CHECKOUT AS GUEST.............................................passed
Then User should Enter all personal details "Magan" "Patel" "abcabc@gmail.com" "United States" "Alaska" "NewYork" "1020 Edward Road" "E78LE" "07845120120" and click on the Continue button.passed
Then Click on shipping  method and click on continue........................passed
Then User close the browser.................................................passed
]]></system-out>
</testcase>
<testcase classname="Payment Page" name="User should able to make payment with appropriate card" time="38.130456">
<system-out><![CDATA[Given User able to open Browser.............................................passed
And Enter an Url............................................................passed
When User click on Computers................................................passed
Then User should able to click on Desktops..................................passed
And User should able to select the product..................................passed
Then User should clear existing qty. and enter new qty......................passed
Then Validate qty. added into the cart......................................passed
Then Click on add to cart button............................................passed
Then Click on shopping cart pop-up message..................................passed
Then Update qty. again in shopping cart page................................passed
And Click on Update shopping cart...........................................passed
And Click on T&C box........................................................passed
Then Click on "CHECKOUT" button.............................................passed
Then Click on CHECKOUT AS GUEST.............................................passed
Then User should Enter all personal details "Magan" "Patel" "abcabc@gmail.com" "United States" "Alaska" "NewYork" "1020 Edward Road" "E78LE" "07845120120" and click on the Continue button.passed
Then Click on shipping  method and click on continue........................passed
Then Click to select the card type..........................................passed
Then Ender all card details "Master card" "Magan Patel" "4659446678073231" "11" "2026" "369" and click on continue and confirm order.passed
Then Click on Continue to go on homepage....................................passed
Then User close the browser.................................................passed
]]></system-out>
</testcase>
<testcase classname="Validate HomePage" name="User should able to validate homepage after successfully payment" time="40.527044">
<system-out><![CDATA[Given User able to open Browser.............................................passed
And Enter an Url............................................................passed
When User click on Computers................................................passed
Then User should able to click on Desktops..................................passed
And User should able to select the product..................................passed
Then User should clear existing qty. and enter new qty......................passed
Then Validate qty. added into the cart......................................passed
Then Click on add to cart button............................................passed
Then Click on shopping cart pop-up message..................................passed
Then Update qty. again in shopping cart page................................passed
And Click on Update shopping cart...........................................passed
And Click on T&C box........................................................passed
Then Click on "CHECKOUT" button.............................................passed
Then Click on CHECKOUT AS GUEST.............................................passed
Then User should Enter all personal details "Magan" "Patel" "abcabc@gmail.com" "United States" "Alaska" "NewYork" "1020 Edward Road" "E78LE" "07845120120" and click on the Continue button.passed
Then Click on shipping  method and click on continue........................passed
Then Click to select the card type..........................................passed
Then Ender all card details "Master card" "Magan Patel" "4659446678073231" "11" "2026" "369" and click on continue and confirm order.passed
Then Click on Continue to go on homepage....................................passed
Then Validate HomePage Title................................................passed
Then User close the browser.................................................passed
]]></system-out>
</testcase>
</testsuite>
